<?xml version="1.0" encoding="UTF-8"?>
<!-- Generated by org.testng.reporters.JUnitReportReporter -->
<testsuite hostname="DESKTOP-TCFI2UM" failures="0" tests="4" name="testngframework.TestNG_9_Run_TestCases_XMLfiles" time="42.642" errors="0" timestamp="2024-07-01T22:32:58 IST" skipped="0">
  <testcase classname="testngframework.TestNG_9_Run_TestCases_XMLfiles" name="twitter" time="16.936"/>
  <system-out/>
  <testcase classname="testngframework.TestNG_9_Run_TestCases_XMLfiles" name="facebook" time="9.494"/>
  <system-out/>
  <testcase classname="testngframework.TestNG_9_Run_TestCases_XMLfiles" name="amazon" time="11.124"/>
  <system-out/>
  <testcase classname="testngframework.TestNG_9_Run_TestCases_XMLfiles" name="selenium" time="5.088"/>
  <system-out/>
</testsuite> <!-- testngframework.TestNG_9_Run_TestCases_XMLfiles -->
