<?xml version="1.0" encoding="UTF-8"?>
<!-- Generated by org.testng.reporters.JUnitReportReporter -->
<testsuite hostname="DESKTOP-TCFI2UM" failures="0" tests="5" name="testngframework.Testng_1_TestCases_Exection" time="15.325" errors="0" timestamp="2024-06-27T20:01:09 IST" skipped="0">
  <testcase classname="testngframework.Testng_1_TestCases_Exection" name="gmail" time="3.526"/>
  <system-out/>
  <testcase classname="testngframework.Testng_1_TestCases_Exection" name="twitter" time="3.650"/>
  <system-out/>
  <testcase classname="testngframework.Testng_1_TestCases_Exection" name="facebook" time="3.433"/>
  <system-out/>
  <testcase classname="testngframework.Testng_1_TestCases_Exection" name="selenium" time="1.927"/>
  <system-out/>
  <testcase classname="testngframework.Testng_1_TestCases_Exection" name="google" time="2.789"/>
  <system-out/>
</testsuite> <!-- testngframework.Testng_1_TestCases_Exection -->
