<?xml version="1.0" encoding="UTF-8"?>
<!-- Generated by org.testng.reporters.JUnitReportReporter -->
<testsuite hostname="DESKTOP-TCFI2UM" failures="0" tests="2" name="popupaltert.AlertWindow" time="25.923" errors="0" timestamp="2024-07-05T09:01:27 IST" skipped="0">
  <testcase classname="popupaltert.AlertWindow" name="alertBoxCancle" time="7.488"/>
  <system-out/>
  <testcase classname="popupaltert.AlertWindow" name="alertBox" time="18.435"/>
  <system-out/>
</testsuite> <!-- popupaltert.AlertWindow -->
