<?xml version="1.0" encoding="UTF-8"?>
<!-- Generated by org.testng.reporters.JUnitReportReporter -->
<testsuite hostname="DESKTOP-TCFI2UM" failures="0" tests="6" name="testngframework.TestNg_8_invocationCount" time="37.417" errors="0" timestamp="2024-06-28T16:51:49 IST" skipped="0">
  <testcase classname="testngframework.TestNg_8_invocationCount" name="selenium" time="11.855"/>
  <system-out/>
  <testcase classname="testngframework.TestNg_8_invocationCount" name="facebook" time="3.292"/>
  <system-out/>
  <testcase classname="testngframework.TestNg_8_invocationCount" name="selenium" time="4.697"/>
  <system-out/>
  <testcase classname="testngframework.TestNg_8_invocationCount" name="google" time="7.399"/>
  <system-out/>
  <testcase classname="testngframework.TestNg_8_invocationCount" name="selenium" time="5.598"/>
  <system-out/>
  <testcase classname="testngframework.TestNg_8_invocationCount" name="google" time="4.576"/>
  <system-out/>
</testsuite> <!-- testngframework.TestNg_8_invocationCount -->
