<?xml version="1.0" encoding="UTF-8"?>
<!-- Generated by org.testng.reporters.JUnitReportReporter -->
<testsuite hostname="DESKTOP-TCFI2UM" failures="0" tests="1" name="testngframework.Testng_2_TestCases_Exection_Priority" time="5.990" errors="0" timestamp="2024-07-01T22:34:08 IST" skipped="0">
  <testcase classname="testngframework.Testng_2_TestCases_Exection_Priority" name="google" time="5.990"/>
  <system-out/>
</testsuite> <!-- testngframework.Testng_2_TestCases_Exection_Priority -->
