<?xml version="1.0" encoding="UTF-8"?>
<!-- Generated by org.testng.reporters.JUnitReportReporter -->
<testsuite hostname="DESKTOP-TCFI2UM" failures="0" tests="1" name="popupaltertprompt.PromptWindow" time="21.201" errors="0" timestamp="2024-07-05T09:14:41 IST" skipped="0">
  <testcase classname="popupaltertprompt.PromptWindow" name="PromptDialogBox" time="21.201"/>
  <system-out/>
</testsuite> <!-- popupaltertprompt.PromptWindow -->
