<?xml version="1.0" encoding="UTF-8"?>
<!-- Generated by org.testng.reporters.JUnitReportReporter -->
<testsuite hostname="DESKTOP-TCFI2UM" failures="0" tests="2" name="testngframework.TestNg_5_DependsOnMethod" time="10.038" errors="0" timestamp="2024-06-28T13:16:57 IST" skipped="0">
  <testcase classname="testngframework.TestNg_5_DependsOnMethod" name="method1" time="4.067"/>
  <system-out/>
  <testcase classname="testngframework.TestNg_5_DependsOnMethod" name="method2" time="5.971"/>
  <system-out/>
</testsuite> <!-- testngframework.TestNg_5_DependsOnMethod -->
