<?xml version="1.0" encoding="UTF-8"?>
<!-- Generated by org.testng.reporters.JUnitReportReporter -->
<testsuite hostname="DESKTOP-TCFI2UM" failures="0" tests="1" name="facebookdroup.Facebook" time="8.302" errors="0" timestamp="2024-07-04T22:35:13 IST" skipped="0">
  <testcase classname="facebookdroup.Facebook" name="facebookDroupDown" time="8.302"/>
  <system-out/>
</testsuite> <!-- facebookdroup.Facebook -->
