<?xml version="1.0" encoding="UTF-8"?>
<!-- Generated by org.testng.reporters.JUnitReportReporter -->
<testsuite hostname="DESKTOP-TCFI2UM" failures="0" tests="2" name="testngframework.TestNg_7_TimeOut" time="8.878" errors="0" timestamp="2024-06-28T16:22:33 IST" skipped="0">
  <testcase classname="testngframework.TestNg_7_TimeOut" name="method2" time="1.987"/>
  <system-out/>
  <testcase classname="testngframework.TestNg_7_TimeOut" name="method1" time="6.891"/>
  <system-out/>
</testsuite> <!-- testngframework.TestNg_7_TimeOut -->
