<?xml version="1.0" encoding="UTF-8"?>
<!-- Generated by org.testng.reporters.JUnitReportReporter -->
<testsuite hostname="DESKTOP-TCFI2UM" failures="0" tests="4" name="testngframework.TestNg_3_Disable_ignor" time="7.533" errors="0" timestamp="2024-06-28T12:32:18 IST" skipped="2">
  <testcase classname="testngframework.TestNg_3_Disable_ignor" name="gmail" time="5.930"/>
  <system-out/>
  <testcase classname="testngframework.TestNg_3_Disable_ignor" name="selenium" time="1.603"/>
  <system-out/>
  <testcase classname="testngframework.TestNg_3_Disable_ignor" name="facebook">
    <skipped/>
  </testcase> <!-- facebook -->
  <system-out/>
  <testcase classname="testngframework.TestNg_3_Disable_ignor" name="google">
    <skipped/>
  </testcase> <!-- google -->
  <system-out/>
</testsuite> <!-- testngframework.TestNg_3_Disable_ignor -->
