<?xml version="1.0" encoding="UTF-8"?>
<!-- Generated by org.testng.reporters.JUnitReportReporter -->
<testsuite hostname="DESKTOP-TCFI2UM" failures="0" tests="1" name="seleniumdroupdown.DroupDownValues" time="16.686" errors="0" timestamp="2024-07-04T21:57:13 IST" skipped="0">
  <testcase classname="seleniumdroupdown.DroupDownValues" name="droupDown" time="16.686"/>
  <system-out/>
</testsuite> <!-- seleniumdroupdown.DroupDownValues -->
