<?xml version="1.0" encoding="UTF-8"?>
<!-- Generated by org.testng.reporters.JUnitReportReporter -->
<testsuite hostname="DESKTOP-TCFI2UM" failures="0" tests="1" name="handleFrames.framesIdentifies" time="40.502" errors="0" timestamp="2024-07-06T09:55:20 IST" skipped="0">
  <testcase classname="handleFrames.framesIdentifies" name="framesValues" time="40.502"/>
  <system-out/>
</testsuite> <!-- handleFrames.framesIdentifies -->
