<?xml version="1.0" encoding="UTF-8"?>
<!-- Generated by org.testng.reporters.JUnitReportReporter -->
<testsuite hostname="DESKTOP-TCFI2UM" failures="0" tests="2" name="testngframework.TestNG_9_Run_TestCases_XML" time="14.117" errors="0" timestamp="2024-06-30T19:47:44 IST" skipped="0">
  <testcase classname="testngframework.TestNG_9_Run_TestCases_XML" name="selenium" time="6.222"/>
  <system-out/>
  <testcase classname="testngframework.TestNG_9_Run_TestCases_XML" name="facebook" time="7.895"/>
  <system-out/>
</testsuite> <!-- testngframework.TestNG_9_Run_TestCases_XML -->
