<?xml version="1.0" encoding="UTF-8"?>
<!-- Generated by org.testng.reporters.JUnitReportReporter -->
<testsuite hostname="DESKTOP-TCFI2UM" failures="0" tests="1" name="testngframework.TestNg_4_Keyword_Enter" time="12.203" errors="0" timestamp="2024-06-30T21:57:29 IST" skipped="0">
  <testcase classname="testngframework.TestNg_4_Keyword_Enter" name="method1" time="12.203"/>
  <system-out/>
</testsuite> <!-- testngframework.TestNg_4_Keyword_Enter -->
