<?xml version="1.0" encoding="UTF-8"?>
<!-- Generated by org.testng.reporters.JUnitReportReporter -->
<testsuite hostname="DESKTOP-TCFI2UM" failures="0" tests="1" name="demotestng.SeleniumDemo" time="4.928" errors="0" timestamp="2024-06-30T21:57:29 IST" skipped="0">
  <testcase classname="demotestng.SeleniumDemo" name="godaddy" time="4.928"/>
  <system-out/>
</testsuite> <!-- demotestng.SeleniumDemo -->
