<?xml version="1.0" encoding="UTF-8"?>
<!-- Generated by org.testng.reporters.JUnitReportReporter -->
<testsuite hostname="DESKTOP-TCFI2UM" failures="0" tests="2" name="testngframework.Testng_10_Group_Execution" time="13.824" errors="0" timestamp="2024-07-02T22:37:14 IST" skipped="0">
  <testcase classname="testngframework.Testng_10_Group_Execution" name="zomato" time="4.885"/>
  <system-out/>
  <testcase classname="testngframework.Testng_10_Group_Execution" name="swiggy" time="8.939"/>
  <system-out/>
</testsuite> <!-- testngframework.Testng_10_Group_Execution -->
